<?xml version="1.0" encoding="UTF-8"?>
<testsuite name="testframe.tests.noVerify" tests="1" skipped="0" failures="0" errors="0" timestamp="2018-11-27T10:00:39" hostname="Lopata.local" time="12.907">
  <properties/>
  <testcase name="testNonVerify" classname="testframe.tests.noVerify" time="12.907"/>
  <system-out><![CDATA[]]></system-out>
  <system-err><![CDATA[Starting ChromeDriver 2.37.544337 (8c0344a12e552148c185f7d5117db1f28d6c9e85) on port 22110
Only local connections are allowed.
ноя 27, 2018 1:00:39 PM org.openqa.selenium.remote.ProtocolHandshake createSession
INFO: Detected dialect: OSS
]]></system-err>
</testsuite>
