<?xml version="1.0" encoding="UTF-8"?>
<testsuite name="testframe.tests.IncorrectEmail" tests="1" skipped="0" failures="0" errors="0" timestamp="2018-11-22T13:21:32" hostname="Lopata.local" time="11.37">
  <properties/>
  <testcase name="testIncorrectMail" classname="testframe.tests.IncorrectEmail" time="11.37"/>
  <system-out><![CDATA[]]></system-out>
  <system-err><![CDATA[Starting ChromeDriver 2.37.544337 (8c0344a12e552148c185f7d5117db1f28d6c9e85) on port 4482
Only local connections are allowed.
ноя 22, 2018 4:21:32 PM org.openqa.selenium.remote.ProtocolHandshake createSession
INFO: Detected dialect: OSS
]]></system-err>
</testsuite>
