<?xml version="1.0" encoding="UTF-8"?>
<testsuite name="com.example.tests.UntitledTestCase" tests="1" skipped="0" failures="0" errors="0" timestamp="2018-11-27T12:28:19" hostname="Lopata.local" time="8.189">
  <properties/>
  <testcase name="testUntitledTestCase" classname="com.example.tests.UntitledTestCase" time="8.189"/>
  <system-out><![CDATA[]]></system-out>
  <system-err><![CDATA[Starting ChromeDriver 2.37.544337 (8c0344a12e552148c185f7d5117db1f28d6c9e85) on port 8635
Only local connections are allowed.
ноя 27, 2018 3:28:19 PM org.openqa.selenium.remote.ProtocolHandshake createSession
INFO: Detected dialect: OSS
]]></system-err>
</testsuite>
